== 22/APR/2019, 10:34:0 ==
*(INTER),ID:00D00000H,P1:00D0000DH,P2:75501578H,P3:00000595H
*(INTER),ID:00D00000H,P1:00D0000EH,P2:755019C0H,P3:00000595H
*(EVENT),ID:00000000H,P1:00D0000DH,P2:00000000H,P3:00000070H
*(EVENT),ID:00000000H,P1:00D0000EH,P2:00000000H,P3:00000070H
== 22/APR/2019, 10:34:4 ==
*(EVENT),ID:00000000H,P1:00000005H,P2:00000000H,P3:00000008H
<<< cdetect.cpp(279) new cdetector::open() target port is 5 >>>
<<< cdetect.cpp(365) Enter cdetector::open(DT_DTMF,0,5H) >>>
<<< cdetect.cpp(594) iDetector is iBlockCenter (0)>>>
<<< cdetect.cpp(630) cdetect::open() Channel 140001H is opened for port 5H >>>
<<< cdetect.cpp(696) Enter cdetect::connect() >>>
>>>> PORT:00000005H  STATUS 0000H => 0002H
idetectorCenter::detectorAssign idResource:0
<<< idetect.cpp(978) iUnitDspCygnus::detectorReport() Resource#0 Assigned >>>
*(EVENT),ID:00000030H,P1:00000000H,P2:00000000H,P3:00000001H
<<< cdetect.cpp(1085) cdetector::mail() Assigned resource#0 >>>
<<< idetect.cpp(1174) iUnitDsp::dtmfDetected() Resource#0, Digit[1] >>>
== 22/APR/2019, 10:34:6 ==
*(EVENT),ID:00000000H,P1:00140001H,P2:00000001H,P3:0000000AH
*(EVENT),ID:00000000H,P1:00000005H,P2:00000000H,P3:00000001H
>>>> PORT:00000005H  STATUS 0002H => 000FH
*(EVENT),ID:00000000H,P1:00000005H,P2:00000000H,P3:00000001H
<<< idetect.cpp(1174) iUnitDsp::dtmfDetected() Resource#0, Digit[0] >>>
== 22/APR/2019, 10:34:7 ==
*(EVENT),ID:00000000H,P1:00140001H,P2:0000000AH,P3:0000000AH
<<< idetect.cpp(1174) iUnitDsp::dtmfDetected() Resource#0, Digit[9] >>>
== 22/APR/2019, 10:34:8 ==
*(EVENT),ID:00000000H,P1:00140001H,P2:00000009H,P3:0000000AH
*(EVENT),ID:00000000H,P1:00000005H,P2:00000000H,P3:00000001H
Enter station_access_2w(Port=5H,Des=AH)
station_access_2w(): sta_logic_port() SRC:5H DES AH HOLD:0
>>>> PORT:00000005H  STATUS 000FH => 0013H
*(INTER),ID:00000005H,P1:0000000AH,P2:00000000H,P3:00000801H
<<< css.cpp(376) css::ring_tone_req >>> Caller ID no setting
>>>> PORT:0000000AH  STATUS 0000H => 000DH
*(INTER),ID:0000000AH,P1:00000005H,P2:00000000H,P3:00000802H
>>>> PORT:00000005H  STATUS 0013H => 0004H
*(EVENT),ID:0000001FH,P1:00001102H,P2:00000000H,P3:00000000H
Enter DracoRingerRequest(slot=3,res=1,type=2)
DracoRingerCabinet::request(1,1,2) Request is accepted
